<?xml version="1.0" encoding="UTF-8" ?>
<testsuite tests="2" failures="1" name="CucumberTest" time="22.573" errors="0" skipped="0">
  <properties>
[...]
</properties>
  <testcase classname="Client sign up" name="client sign up successfully" time="13.725"/>
  <testcase classname="Client sign up" name="client sign up failed" time="8.848">
    <failure message="expected:&lt;[fals]e&gt; but was:&lt;[tru]e&gt;" type="org.junit.ComparisonFailure">org.junit.ComparisonFailure: expected:&lt;[fals]e&gt; but was:&lt;[tru]e&gt;
	at sun.reflect.NativeConstructorAccessorImpl.newInstance0(Native Method)
	at sun.reflect.NativeConstructorAccessorImpl.newInstance(NativeConstructorAccessorImpl.java:62)
	at sun.reflect.DelegatingConstructorAccessorImpl.newInstance(DelegatingConstructorAccessorImpl.java:45)
	at qa.ma.stepdefinitions.SignUpStepDefs.he_should_be_told_that_the_account_was_not_created(SignUpStepDefs.java:50)
	at ✽.he should be told that the account was not created(file:///C:/Users/berdinas/IdeaProjects/test-acceptance-v2/src/test/resources/features/signup.feature:12)
</failure>
    <system-out>
Scenario: client sign up failed                           &amp;#27;[90m# src/test/resources/features/signup.feature:9&amp;#27;[0m
  &amp;#27;[32mGiven &amp;#27;[0m&amp;#27;[32mPepito wants to have an account&amp;#27;[0m                   &amp;#27;[90m# qa.ma.stepdefinitions.SignUpStepDefs.pepito_wants_to_have_an_account()&amp;#27;[0m
  &amp;#27;[32mWhen &amp;#27;[0m&amp;#27;[32mhe sends required information to get the account&amp;#27;[0m   &amp;#27;[90m# qa.ma.stepdefinitions.SignUpStepDefs.he_sends_required_information_to_get_the_account()&amp;#27;[0m
  &amp;#27;[31mThen &amp;#27;[0m&amp;#27;[31mhe should be told that the account was not created&amp;#27;[0m &amp;#27;[90m# qa.ma.stepdefinitions.SignUpStepDefs.he_should_be_told_that_the_account_was_not_created()&amp;#27;[0m
      &amp;#27;[31morg.junit.ComparisonFailure: expected:&lt;[fals]e&gt; but was:&lt;[tru]e&gt;
	at sun.reflect.NativeConstructorAccessorImpl.newInstance0(Native Method)
	at sun.reflect.NativeConstructorAccessorImpl.newInstance(NativeConstructorAccessorImpl.java:62)
	at sun.reflect.DelegatingConstructorAccessorImpl.newInstance(DelegatingConstructorAccessorImpl.java:45)
	at qa.ma.stepdefinitions.SignUpStepDefs.he_should_be_told_that_the_account_was_not_created(SignUpStepDefs.java:50)
	at ?.he should be told that the account was not created(file:///C:/Users/berdinas/IdeaProjects/test-acceptance-v2/src/test/resources/features/signup.feature:12)
&amp;#27;[0m

    Embedding fbbab950-ecf7-4cc5-8b5b-9cd0859b5d88 [image/png 76388 bytes]

</system-out>
    <system-err>may 04, 2020 1:33:29 PM org.springframework.test.context.support.DefaultTestContextBootstrapper getDefaultTestExecutionListenerClassNames
INFORMACIÓN: Loaded default TestExecutionListener class names from location [META-INF/spring.factories]: [org.springframework.test.context.web.ServletTestExecutionListener, org.springframework.test.context.support.DirtiesContextBeforeModesTestExecutionListener, org.springframework.test.context.support.DependencyInjectionTestExecutionListener, org.springframework.test.context.support.DirtiesContextTestExecutionListener, org.springframework.test.context.transaction.TransactionalTestExecutionListener, org.springframework.test.context.jdbc.SqlScriptsTestExecutionListener]
may 04, 2020 1:33:29 PM org.springframework.test.context.support.DefaultTestContextBootstrapper getTestExecutionListeners
INFORMACIÓN: Using TestExecutionListeners: [org.springframework.test.context.support.DirtiesContextBeforeModesTestExecutionListener@c6e0f32, org.springframework.test.context.support.DependencyInjectionTestExecutionListener@6f3f0fae, org.springframework.test.context.support.DirtiesContextTestExecutionListener@21a66d45]
may 04, 2020 1:33:29 PM org.springframework.beans.factory.support.DefaultListableBeanFactory registerScope
INFORMACIÓN: Replacing scope &apos;cucumber-glue&apos; from [io.cucumber.spring.GlueCodeScope@63fdffcd] to [io.cucumber.spring.GlueCodeScope@7428de63]
[1588610010.817][SEVERE]: Timed out receiving message from renderer: 0.100
[1588610010.919][SEVERE]: Timed out receiving message from renderer: 0.100
[1588610011.021][SEVERE]: Timed out receiving message from renderer: 0.100
[1588610011.123][SEVERE]: Timed out receiving message from renderer: 0.100
[1588610011.224][SEVERE]: Timed out receiving message from renderer: 0.100
[1588610011.326][SEVERE]: Timed out receiving message from renderer: 0.100
[1588610011.427][SEVERE]: Timed out receiving message from renderer: 0.100
[1588610011.528][SEVERE]: Timed out receiving message from renderer: 0.100
[1588610011.630][SEVERE]: Timed out receiving message from renderer: 0.100
[1588610011.732][SEVERE]: Timed out receiving message from renderer: 0.100
[1588610011.833][SEVERE]: Timed out receiving message from renderer: 0.100
[1588610011.935][SEVERE]: Timed out receiving message from renderer: 0.100
[1588610012.037][SEVERE]: Timed out receiving message from renderer: 0.100
[1588610012.139][SEVERE]: Timed out receiving message from renderer: 0.100
[1588610012.241][SEVERE]: Timed out receiving message from renderer: 0.100
[1588610012.343][SEVERE]: Timed out receiving message from renderer: 0.100
[1588610012.445][SEVERE]: Timed out receiving message from renderer: 0.100
[1588610012.547][SEVERE]: Timed out receiving message from renderer: 0.100
[1588610012.649][SEVERE]: Timed out receiving message from renderer: 0.100
[1588610012.751][SEVERE]: Timed out receiving message from renderer: 0.100
[1588610012.852][SEVERE]: Timed out receiving message from renderer: 0.100
[1588610012.954][SEVERE]: Timed out receiving message from renderer: 0.100
[1588610013.057][SEVERE]: Timed out receiving message from renderer: 0.100
[1588610013.158][SEVERE]: Timed out receiving message from renderer: 0.100
[1588610013.260][SEVERE]: Timed out receiving message from renderer: 0.100
[1588610013.361][SEVERE]: Timed out receiving message from renderer: 0.100
[1588610013.464][SEVERE]: Timed out receiving message from renderer: 0.100
[1588610013.566][SEVERE]: Timed out receiving message from renderer: 0.100
[1588610013.667][SEVERE]: Timed out receiving message from renderer: 0.100
[1588610013.771][SEVERE]: Timed out receiving message from renderer: 0.100
[1588610013.873][SEVERE]: Timed out receiving message from renderer: 0.100
[1588610013.975][SEVERE]: Timed out receiving message from renderer: 0.100
[1588610014.077][SEVERE]: Timed out receiving message from renderer: 0.100
[1588610014.181][SEVERE]: Timed out receiving message from renderer: 0.100
[1588610014.284][SEVERE]: Timed out receiving message from renderer: 0.100
[1588610014.386][SEVERE]: Timed out receiving message from renderer: 0.100
[1588610014.489][SEVERE]: Timed out receiving message from renderer: 0.100
[1588610014.593][SEVERE]: Timed out receiving message from renderer: 0.100
[1588610014.697][SEVERE]: Timed out receiving message from renderer: 0.100
[1588610014.802][SEVERE]: Timed out receiving message from renderer: 0.100
[1588610014.906][SEVERE]: Timed out receiving message from renderer: 0.100
[1588610015.010][SEVERE]: Timed out receiving message from renderer: 0.100
[1588610015.114][SEVERE]: Timed out receiving message from renderer: 0.100
[1588610015.218][SEVERE]: Timed out receiving message from renderer: 0.100
[1588610015.320][SEVERE]: Timed out receiving message from renderer: 0.100
[1588610015.425][SEVERE]: Timed out receiving message from renderer: 0.100
[1588610015.528][SEVERE]: Timed out receiving message from renderer: 0.100
[1588610015.632][SEVERE]: Timed out receiving message from renderer: 0.100
[1588610015.736][SEVERE]: Timed out receiving message from renderer: 0.100
[1588610015.839][SEVERE]: Timed out receiving message from renderer: 0.100
[1588610015.943][SEVERE]: Timed out receiving message from renderer: 0.100
[1588610016.047][SEVERE]: Timed out receiving message from renderer: 0.100
[1588610016.152][SEVERE]: Timed out receiving message from renderer: 0.100
[1588610016.256][SEVERE]: Timed out receiving message from renderer: 0.100
[1588610016.360][SEVERE]: Timed out receiving message from renderer: 0.100
[1588610016.463][SEVERE]: Timed out receiving message from renderer: 0.100
[1588610016.567][SEVERE]: Timed out receiving message from renderer: 0.100
[1588610016.671][SEVERE]: Timed out receiving message from renderer: 0.100
[1588610016.774][SEVERE]: Timed out receiving message from renderer: 0.100
[1588610016.878][SEVERE]: Timed out receiving message from renderer: 0.100
</system-err>
  </testcase>
</testsuite>